This is pdfTeX, Version 3.1415926-2.5-1.40.14 (MiKTeX 2.9) (preloaded format=pdflatex 2013.12.8)  10 JUL 2014 19:37
entering extended mode
**C:/Users/rymbln/Documents/GitHub/LaTeX_Statplan/Document.tex
(C:/Users/rymbln/Documents/GitHub/LaTeX_Statplan/Document.tex
LaTeX2e <2011/06/27>
Babel <v3.8m> and hyphenation patterns for english, afrikaans, ancientgreek, ar
abic, armenian, assamese, basque, bengali, bokmal, bulgarian, catalan, coptic, 
croatian, czech, danish, dutch, esperanto, estonian, farsi, finnish, french, ga
lician, german, german-x-2013-05-26, greek, gujarati, hindi, hungarian, iceland
ic, indonesian, interlingua, irish, italian, kannada, kurmanji, latin, latvian,
 lithuanian, malayalam, marathi, mongolian, mongolianlmc, monogreek, ngerman, n
german-x-2013-05-26, nynorsk, oriya, panjabi, pinyin, polish, portuguese, roman
ian, russian, sanskrit, serbian, slovak, slovenian, spanish, swedish, swissgerm
an, tamil, telugu, turkish, turkmen, ukenglish, ukrainian, uppersorbian, usengl
ishmax, welsh, loaded.
(D:\INSTALL\LaTeX\Full_TeX\texmf\tex\latex\base\article.cls
Document Class: article 2007/10/19 v1.4h Standard LaTeX document class
(D:\INSTALL\LaTeX\Full_TeX\texmf\tex\latex\base\size12.clo
File: size12.clo 2007/10/19 v1.4h Standard LaTeX file (size option)
)
\c@part=\count79
\c@section=\count80
\c@subsection=\count81
\c@subsubsection=\count82
\c@paragraph=\count83
\c@subparagraph=\count84
\c@figure=\count85
\c@table=\count86
\abovecaptionskip=\skip41
\belowcaptionskip=\skip42
\bibindent=\dimen102
)
(D:\INSTALL\LaTeX\Full_TeX\texmf\tex\latex\base\inputenc.sty
Package: inputenc 2008/03/30 v1.1d Input encoding file
\inpenc@prehook=\toks14
\inpenc@posthook=\toks15

(D:\INSTALL\LaTeX\Full_TeX\texmf\tex\latex\cyrillic\cp1251.def
File: cp1251.def 1999/11/16 v1.0d Input encoding file
))
(D:\INSTALL\LaTeX\Full_TeX\texmf\tex\generic\babel\babel.sty
Package: babel 2008/07/08 v3.8m The Babel package

*************************************
* Local config file bblopts.cfg used
*
(D:\INSTALL\LaTeX\Full_TeX\texmf\tex\latex\00miktex\bblopts.cfg
File: bblopts.cfg 2006/07/31 v1.0 MiKTeX 'babel' configuration
)
(D:\INSTALL\LaTeX\Full_TeX\texmf\tex\generic\babel\russianb.ldf
Language: russianb 2008/03/21 v1.1r Russian support from the babel system

(D:\INSTALL\LaTeX\Full_TeX\texmf\tex\generic\babel\babel.def
File: babel.def 2008/07/08 v3.8m Babel common definitions
\babel@savecnt=\count87
\U@D=\dimen103
)
(D:\INSTALL\LaTeX\Full_TeX\texmf\tex\latex\cyrillic\t2aenc.def
File: t2aenc.def 2005/09/27 v1.0i Cyrillic encoding definition file
)
Package babel Info: Making " an active character on input line 199.
))
(D:\INSTALL\LaTeX\Full_TeX\texmf\tex\latex\graphics\graphicx.sty
Package: graphicx 1999/02/16 v1.0f Enhanced LaTeX Graphics (DPC,SPQR)

(D:\INSTALL\LaTeX\Full_TeX\texmf\tex\latex\graphics\keyval.sty
Package: keyval 1999/03/16 v1.13 key=value parser (DPC)
\KV@toks@=\toks16
)
(D:\INSTALL\LaTeX\Full_TeX\texmf\tex\latex\graphics\graphics.sty
Package: graphics 2009/02/05 v1.0o Standard LaTeX Graphics (DPC,SPQR)

(D:\INSTALL\LaTeX\Full_TeX\texmf\tex\latex\graphics\trig.sty
Package: trig 1999/03/16 v1.09 sin cos tan (DPC)
)
(D:\INSTALL\LaTeX\Full_TeX\texmf\tex\latex\00miktex\graphics.cfg
File: graphics.cfg 2007/01/18 v1.5 graphics configuration of teTeX/TeXLive
)
Package graphics Info: Driver file: pdftex.def on input line 91.

(D:\INSTALL\LaTeX\Full_TeX\texmf\tex\latex\pdftex-def\pdftex.def
File: pdftex.def 2011/05/27 v0.06d Graphics/color for pdfTeX

(D:\INSTALL\LaTeX\Full_TeX\texmf\tex\generic\oberdiek\infwarerr.sty
Package: infwarerr 2010/04/08 v1.3 Providing info/warning/error messages (HO)
)
(D:\INSTALL\LaTeX\Full_TeX\texmf\tex\generic\oberdiek\ltxcmds.sty
Package: ltxcmds 2011/11/09 v1.22 LaTeX kernel commands for general use (HO)
)
\Gread@gobject=\count88
))
\Gin@req@height=\dimen104
\Gin@req@width=\dimen105
)
(D:\INSTALL\LaTeX\Full_TeX\localtexmf\tex\latex\pscyr\pscyr.sty
Package: pscyr 2002/07/04 v0.4d Cyrillic Type1 fonts as default
)
(D:\INSTALL\LaTeX\Full_TeX\texmf\tex\latex\lm\lmodern.sty
Package: lmodern 2009/10/30 v1.6 Latin Modern Fonts
LaTeX Font Info:    Overwriting symbol font `operators' in version `normal'
(Font)                  OT1/cmr/m/n --> OT1/lmr/m/n on input line 22.
LaTeX Font Info:    Overwriting symbol font `letters' in version `normal'
(Font)                  OML/cmm/m/it --> OML/lmm/m/it on input line 23.
LaTeX Font Info:    Overwriting symbol font `symbols' in version `normal'
(Font)                  OMS/cmsy/m/n --> OMS/lmsy/m/n on input line 24.
LaTeX Font Info:    Overwriting symbol font `largesymbols' in version `normal'
(Font)                  OMX/cmex/m/n --> OMX/lmex/m/n on input line 25.
LaTeX Font Info:    Overwriting symbol font `operators' in version `bold'
(Font)                  OT1/cmr/bx/n --> OT1/lmr/bx/n on input line 26.
LaTeX Font Info:    Overwriting symbol font `letters' in version `bold'
(Font)                  OML/cmm/b/it --> OML/lmm/b/it on input line 27.
LaTeX Font Info:    Overwriting symbol font `symbols' in version `bold'
(Font)                  OMS/cmsy/b/n --> OMS/lmsy/b/n on input line 28.
LaTeX Font Info:    Overwriting symbol font `largesymbols' in version `bold'
(Font)                  OMX/cmex/m/n --> OMX/lmex/m/n on input line 29.
LaTeX Font Info:    Overwriting math alphabet `\mathbf' in version `normal'
(Font)                  OT1/cmr/bx/n --> OT1/lmr/bx/n on input line 31.
LaTeX Font Info:    Overwriting math alphabet `\mathsf' in version `normal'
(Font)                  OT1/cmss/m/n --> OT1/lmss/m/n on input line 32.
LaTeX Font Info:    Overwriting math alphabet `\mathit' in version `normal'
(Font)                  OT1/cmr/m/it --> OT1/lmr/m/it on input line 33.
LaTeX Font Info:    Overwriting math alphabet `\mathtt' in version `normal'
(Font)                  OT1/cmtt/m/n --> OT1/lmtt/m/n on input line 34.
LaTeX Font Info:    Overwriting math alphabet `\mathbf' in version `bold'
(Font)                  OT1/cmr/bx/n --> OT1/lmr/bx/n on input line 35.
LaTeX Font Info:    Overwriting math alphabet `\mathsf' in version `bold'
(Font)                  OT1/cmss/bx/n --> OT1/lmss/bx/n on input line 36.
LaTeX Font Info:    Overwriting math alphabet `\mathit' in version `bold'
(Font)                  OT1/cmr/bx/it --> OT1/lmr/bx/it on input line 37.
LaTeX Font Info:    Overwriting math alphabet `\mathtt' in version `bold'
(Font)                  OT1/cmtt/m/n --> OT1/lmtt/m/n on input line 38.
)
(D:\INSTALL\LaTeX\Full_TeX\texmf\tex\latex\multirow\multirow.sty
\bigstrutjot=\dimen106
)
(D:\INSTALL\LaTeX\Full_TeX\texmf\tex\latex\makecell\makecell.sty
Package: makecell 2009/08/03 V0.1e Managing of Tab Column Heads and Cells

(D:\INSTALL\LaTeX\Full_TeX\texmf\tex\latex\tools\array.sty
Package: array 2008/09/09 v2.4c Tabular extension package (FMi)
\col@sep=\dimen107
\extrarowheight=\dimen108
\NC@list=\toks17
\extratabsurround=\skip43
\backup@length=\skip44
)
\rotheadsize=\dimen109
\c@nlinenum=\count89
\TeXr@lab=\toks18
)
(D:\INSTALL\LaTeX\Full_TeX\texmf\tex\latex\amsmath\amsmath.sty
Package: amsmath 2013/01/14 v2.14 AMS math features
\@mathmargin=\skip45

For additional information on amsmath, use the `?' option.
(D:\INSTALL\LaTeX\Full_TeX\texmf\tex\latex\amsmath\amstext.sty
Package: amstext 2000/06/29 v2.01

(D:\INSTALL\LaTeX\Full_TeX\texmf\tex\latex\amsmath\amsgen.sty
File: amsgen.sty 1999/11/30 v2.0
\@emptytoks=\toks19
\ex@=\dimen110
))
(D:\INSTALL\LaTeX\Full_TeX\texmf\tex\latex\amsmath\amsbsy.sty
Package: amsbsy 1999/11/29 v1.2d
\pmbraise@=\dimen111
)
(D:\INSTALL\LaTeX\Full_TeX\texmf\tex\latex\amsmath\amsopn.sty
Package: amsopn 1999/12/14 v2.01 operator names
)
\inf@bad=\count90
LaTeX Info: Redefining \frac on input line 210.
\uproot@=\count91
\leftroot@=\count92
LaTeX Info: Redefining \overline on input line 306.
\classnum@=\count93
\DOTSCASE@=\count94
LaTeX Info: Redefining \ldots on input line 378.
LaTeX Info: Redefining \dots on input line 381.
LaTeX Info: Redefining \cdots on input line 466.
\Mathstrutbox@=\box26
\strutbox@=\box27
\big@size=\dimen112
LaTeX Font Info:    Redeclaring font encoding OML on input line 566.
LaTeX Font Info:    Redeclaring font encoding OMS on input line 567.
\macc@depth=\count95
\c@MaxMatrixCols=\count96
\dotsspace@=\muskip10
\c@parentequation=\count97
\dspbrk@lvl=\count98
\tag@help=\toks20
\row@=\count99
\column@=\count100
\maxfields@=\count101
\andhelp@=\toks21
\eqnshift@=\dimen113
\alignsep@=\dimen114
\tagshift@=\dimen115
\tagwidth@=\dimen116
\totwidth@=\dimen117
\lineht@=\dimen118
\@envbody=\toks22
\multlinegap=\skip46
\multlinetaggap=\skip47
\mathdisplay@stack=\toks23
LaTeX Info: Redefining \[ on input line 2665.
LaTeX Info: Redefining \] on input line 2666.
)
(D:\INSTALL\LaTeX\Full_TeX\texmf\tex\latex\tools\tabularx.sty
Package: tabularx 1999/01/07 v2.07 `tabularx' package (DPC)
\TX@col@width=\dimen119
\TX@old@table=\dimen120
\TX@old@col=\dimen121
\TX@target=\dimen122
\TX@delta=\dimen123
\TX@cols=\count102
\TX@ftn=\toks24
)
(D:\INSTALL\LaTeX\Full_TeX\texmf\tex\latex\graphics\color.sty
Package: color 2005/11/14 v1.0j Standard LaTeX Color (DPC)

(D:\INSTALL\LaTeX\Full_TeX\texmf\tex\latex\00miktex\color.cfg
File: color.cfg 2007/01/18 v1.5 color configuration of teTeX/TeXLive
)
Package color Info: Driver file: pdftex.def on input line 130.
)
(D:\INSTALL\LaTeX\Full_TeX\texmf\tex\latex\colortbl\colortbl.sty
Package: colortbl 2012/02/13 v1.0a Color table columns (DPC)
\everycr=\toks25
\minrowclearance=\skip48
)
(D:\INSTALL\LaTeX\Full_TeX\texmf\tex\latex\graphics\lscape.sty
Package: lscape 2000/10/22 v3.01 Landscape Pages (DPC)
)
(D:\INSTALL\LaTeX\Full_TeX\texmf\tex\latex\geometry\geometry.sty
Package: geometry 2010/09/12 v5.6 Page Geometry

(D:\INSTALL\LaTeX\Full_TeX\texmf\tex\generic\oberdiek\ifpdf.sty
Package: ifpdf 2011/01/30 v2.3 Provides the ifpdf switch (HO)
Package ifpdf Info: pdfTeX in PDF mode is detected.
)
(D:\INSTALL\LaTeX\Full_TeX\texmf\tex\generic\oberdiek\ifvtex.sty
Package: ifvtex 2010/03/01 v1.5 Detect VTeX and its facilities (HO)
Package ifvtex Info: VTeX not detected.
)
(D:\INSTALL\LaTeX\Full_TeX\texmf\tex\generic\ifxetex\ifxetex.sty
Package: ifxetex 2010/09/12 v0.6 Provides ifxetex conditional
)
\Gm@cnth=\count103
\Gm@cntv=\count104
\c@Gm@tempcnt=\count105
\Gm@bindingoffset=\dimen124
\Gm@wd@mp=\dimen125
\Gm@odd@mp=\dimen126
\Gm@even@mp=\dimen127
\Gm@layoutwidth=\dimen128
\Gm@layoutheight=\dimen129
\Gm@layouthoffset=\dimen130
\Gm@layoutvoffset=\dimen131
\Gm@dimlist=\toks26

(D:\INSTALL\LaTeX\Full_TeX\texmf\tex\latex\geometry\geometry.cfg))
Package color Info: Redefining color black on input line 21.
Package color Info: Redefining color white on input line 22.

(D:\INSTALL\LaTeX\Full_TeX\texmf\tex\latex\lastpage\lastpage.sty
Package: lastpage 2013/01/28 v1.2l Refers to last page's name (HMM; JPG)
)
(D:\INSTALL\LaTeX\Full_TeX\texmf\tex\latex\titlesec\titlesec.sty
Package: titlesec 2011/12/15 v2.10.0 Sectioning titles
\ttl@box=\box28
\beforetitleunit=\skip49
\aftertitleunit=\skip50
\ttl@plus=\dimen132
\ttl@minus=\dimen133
\ttl@toksa=\toks27
\titlewidth=\dimen134
\titlewidthlast=\dimen135
\titlewidthfirst=\dimen136
)
(D:\INSTALL\LaTeX\Full_TeX\texmf\tex\latex\fancyhdr\fancyhdr.sty
\fancy@headwidth=\skip51
\f@ncyO@elh=\skip52
\f@ncyO@erh=\skip53
\f@ncyO@olh=\skip54
\f@ncyO@orh=\skip55
\f@ncyO@elf=\skip56
\f@ncyO@erf=\skip57
\f@ncyO@olf=\skip58
\f@ncyO@orf=\skip59
)
(C:\Users\rymbln\Documents\GitHub\LaTeX_Statplan\Document.aux
LaTeX Font Info:    Try loading font information for T2A+cmr on input line 3.

(D:\INSTALL\LaTeX\Full_TeX\texmf\tex\latex\cyrillic\t2acmr.fd
File: t2acmr.fd 2001/08/11 v1.0a Computer Modern Cyrillic font definitions
))
LaTeX Font Info:    Checking defaults for OML/cmm/m/it on input line 63.
LaTeX Font Info:    ... okay on input line 63.
LaTeX Font Info:    Checking defaults for T1/cmr/m/n on input line 63.
LaTeX Font Info:    ... okay on input line 63.
LaTeX Font Info:    Checking defaults for OT1/cmr/m/n on input line 63.
LaTeX Font Info:    ... okay on input line 63.
LaTeX Font Info:    Checking defaults for OMS/cmsy/m/n on input line 63.
LaTeX Font Info:    ... okay on input line 63.
LaTeX Font Info:    Checking defaults for OMX/cmex/m/n on input line 63.
LaTeX Font Info:    ... okay on input line 63.
LaTeX Font Info:    Checking defaults for U/cmr/m/n on input line 63.
LaTeX Font Info:    ... okay on input line 63.
LaTeX Font Info:    Checking defaults for T2A/cmr/m/n on input line 63.
LaTeX Font Info:    ... okay on input line 63.
LaTeX Font Info:    Try loading font information for OT1+far on input line 63.

(D:\INSTALL\LaTeX\Full_TeX\localtexmf\tex\latex\pscyr\ot1far.fd
File: ot1far.fd 2002/07/04 Fontinst v1.914 font definitions for OT1/far.
)
LaTeX Font Info:    Try loading font information for T2A+far on input line 63.

(D:\INSTALL\LaTeX\Full_TeX\localtexmf\tex\latex\pscyr\t2afar.fd
File: t2afar.fd 2002/07/04 Fontinst v1.914 font definitions for T2A/far.
)
(D:\INSTALL\LaTeX\Full_TeX\texmf\tex\context\base\supp-pdf.mkii
[Loading MPS to PDF converter (version 2006.09.02).]
\scratchcounter=\count106
\scratchdimen=\dimen137
\scratchbox=\box29
\nofMPsegments=\count107
\nofMParguments=\count108
\everyMPshowfont=\toks28
\MPscratchCnt=\count109
\MPscratchDim=\dimen138
\MPnumerator=\count110
\makeMPintoPDFobject=\count111
\everyMPtoPDFconversion=\toks29
)
*geometry* driver: auto-detecting
*geometry* detected driver: pdftex
*geometry* verbose mode - [ preamble ] result:
* driver: pdftex
* paper: a4paper
* layout: <same size as paper>
* layoutoffset:(h,v)=(0.0pt,0.0pt)
* modes: 
* h-part:(L,W,R)=(56.9055pt, 497.92325pt, 42.67912pt)
* v-part:(T,H,B)=(72.2698pt, 715.87154pt, 56.9055pt)
* \paperwidth=597.50787pt
* \paperheight=845.04684pt
* \textwidth=497.92325pt
* \textheight=715.87154pt
* \oddsidemargin=-15.36449pt
* \evensidemargin=-15.36449pt
* \topmargin=-37.00018pt
* \headheight=12.0pt
* \headsep=25.0pt
* \topskip=12.0pt
* \footskip=30.0pt
* \marginparwidth=35.0pt
* \marginparsep=10.0pt
* \columnsep=10.0pt
* \skip\footins=10.8pt plus 4.0pt minus 2.0pt
* \hoffset=0.0pt
* \voffset=0.0pt
* \mag=1000
* \@twocolumnfalse
* \@twosidefalse
* \@mparswitchfalse
* \@reversemarginfalse
* (1in=72.27pt=25.4mm, 1cm=28.453pt)

Package lastpage Info: Please have a look at the pageslts package at
(lastpage)             http://www.ctan.org/tex-archive/ 
(lastpage)             macros/latex/contrib/pageslts/ 
(lastpage)             or
(lastpage)             http://www.ctan.org/tex-archive/ 
(lastpage)             install/macros/latex/contrib/pageslts.tds.zip
(lastpage)             ! on input line 63.
LaTeX Font Info:    Try loading font information for OT1+lmr on input line 68.
(D:\INSTALL\LaTeX\Full_TeX\texmf\tex\latex\lm\ot1lmr.fd
File: ot1lmr.fd 2009/10/30 v1.6 Font defs for Latin Modern
)
LaTeX Font Info:    Try loading font information for OML+lmm on input line 68.

(D:\INSTALL\LaTeX\Full_TeX\texmf\tex\latex\lm\omllmm.fd
File: omllmm.fd 2009/10/30 v1.6 Font defs for Latin Modern
)
LaTeX Font Info:    Try loading font information for OMS+lmsy on input line 68.


(D:\INSTALL\LaTeX\Full_TeX\texmf\tex\latex\lm\omslmsy.fd
File: omslmsy.fd 2009/10/30 v1.6 Font defs for Latin Modern
)
LaTeX Font Info:    Try loading font information for OMX+lmex on input line 68.


(D:\INSTALL\LaTeX\Full_TeX\texmf\tex\latex\lm\omxlmex.fd
File: omxlmex.fd 2009/10/30 v1.6 Font defs for Latin Modern
)
LaTeX Font Info:    External font `lmex10' loaded for size
(Font)              <12> on input line 68.
LaTeX Font Info:    External font `lmex10' loaded for size
(Font)              <8> on input line 68.
LaTeX Font Info:    External font `lmex10' loaded for size
(Font)              <6> on input line 68.

Underfull \hbox (badness 10000) in paragraph at lines 82--83
[]|\T2A/far/m/n/12 ѕроспективна€ на-блю-да-тель-на€ про-
 []


Underfull \hbox (badness 5563) in paragraph at lines 82--83
\T2A/far/m/n/12 лидов и тет-ра-цик-ли-нов у муж-чин с
 []


Underfull \hbox (badness 7595) in paragraph at lines 82--83
\T2A/far/m/n/12 ной кли-ни-че-ской прак-ти-ке в –ос-сии
 []


Overfull \hbox (1.26012pt too wide) in paragraph at lines 92--106
 [][][] 
 []


Package Fancyhdr Warning: \headheight is too small (12.0pt): 
 Make it at least 22.71503pt.
 We now make it that large for the rest of the document.
 This may cause the page layout to be inconsistent, however.

[1{D:/INSTALL/LaTeX/Full_TeX/texmf/pdftex/config/pdftex.map}

]
Underfull \hbox (badness 10000) in paragraph at lines 151--151
[]|[]\T2A/far/m/n/12 PANSS General
 []


Underfull \hbox (badness 10000) in paragraph at lines 138--159
[][]$[]$
 []


Overfull \hbox (23.99998pt too wide) in paragraph at lines 138--159
[] 
 []

LaTeX Font Info:    External font `lmex10' loaded for size
(Font)              <10> on input line 160.
LaTeX Font Info:    External font `lmex10' loaded for size
(Font)              <7> on input line 160.
LaTeX Font Info:    External font `lmex10' loaded for size
(Font)              <5> on input line 160.
<1.png, id=7, 826.58812pt x 359.09157pt>
File: 1.png Graphic file (type png)
 <use 1.png>
Package pdftex.def Info: 1.png used on input line 168.
(pdftex.def)             Requested size: 497.92325pt x 216.31685pt.
File: 1.png Graphic file (type png)
 <use 1.png>
Package pdftex.def Info: 1.png used on input line 174.
(pdftex.def)             Requested size: 121.99255pt x 52.99568pt.
File: 1.png Graphic file (type png)
 <use 1.png>
Package pdftex.def Info: 1.png used on input line 178.
(pdftex.def)             Requested size: 121.99255pt x 52.99568pt.


LaTeX Warning: `h' float specifier changed to `ht'.

[2

] [3 <C:/Users/rymbln/Documents/GitHub/LaTeX_Statplan/1.png>]
LaTeX Font Info:    Try loading font information for OMS+far on input line 214.

LaTeX Font Info:    No file OMSfar.fd. on input line 214.


LaTeX Font Warning: Font shape `OMS/far/m/n' undefined
(Font)              using `OMS/cmsy/m/n' instead
(Font)              for symbol `textbullet' on input line 214.

[4] 
AED: lastpage setting LastPage
[5] (C:\Users\rymbln\Documents\GitHub\LaTeX_Statplan\Document.aux)

LaTeX Font Warning: Some font shapes were not available, defaults substituted.

 ) 
Here is how much of TeX's memory you used:
 4094 strings out of 493921
 52768 string characters out of 3150556
 125708 words of memory out of 3000000
 7273 multiletter control sequences out of 15000+200000
 42041 words of font info for 57 fonts, out of 3000000 for 9000
 841 hyphenation exceptions out of 8191
 34i,16n,43p,1205b,328s stack positions out of 5000i,500n,10000p,200000b,50000s
{D:/INSTALL/LaTeX/Full_TeX/texmf/fonts/enc/t2/t2a.enc}{D:/INSTALL/LaTeX/Full_
TeX/texmf/fonts/enc/dvips/lm/lm-rm.enc}<D:/INSTALL/LaTeX/Full_TeX/localtexmf/fo
nts/type1/public/pscyr/arial.pfb><D:/INSTALL/LaTeX/Full_TeX/localtexmf/fonts/ty
pe1/public/pscyr/arialbd.pfb><D:/INSTALL/LaTeX/Full_TeX/localtexmf/fonts/type1/
public/pscyr/ariali.pfb><D:/INSTALL/LaTeX/Full_TeX/texmf/fonts/type1/public/ams
fonts/cm/cmsy10.pfb><D:/INSTALL/LaTeX/Full_TeX/texmf/fonts/type1/public/lm/lmr8
.pfb>
Output written on Document.pdf (5 pages, 135574 bytes).
PDF statistics:
 41 PDF objects out of 1000 (max. 8388607)
 0 named destinations out of 1000 (max. 500000)
 6 words of extra memory for PDF output out of 10000 (max. 10000000)

